<?xml version="1.0" encoding="UTF-8"?>
<testng-results ignored="0" total="1" passed="1" failed="0" skipped="0">
  <reporter-output>
  </reporter-output>
  <suite started-at="2024-08-26T10:38:57 IST" name="Default suite" finished-at="2024-08-26T10:39:02 IST" duration-ms="4771">
    <groups>
    </groups>
    <test started-at="2024-08-26T10:38:57 IST" name="Default test" finished-at="2024-08-26T10:39:02 IST" duration-ms="4771">
      <class name="Mavenselenium.Mavensel">
        <test-method is-config="true" signature="bfrtst()[pri:0, instance:Mavenselenium.Mavensel@740cae06]" started-at="2024-08-26T10:38:57 IST" name="bfrtst" finished-at="2024-08-26T10:39:01 IST" duration-ms="4155" status="PASS">
          <reporter-output>
          </reporter-output>
        </test-method> <!-- bfrtst -->
        <test-method signature="test()[pri:0, instance:Mavenselenium.Mavensel@740cae06]" started-at="2024-08-26T10:39:01 IST" name="test" finished-at="2024-08-26T10:39:02 IST" duration-ms="570" status="PASS">
          <reporter-output>
          </reporter-output>
        </test-method> <!-- test -->
      </class> <!-- Mavenselenium.Mavensel -->
    </test> <!-- Default test -->
  </suite> <!-- Default suite -->
</testng-results>
